Array
(
    [business] => gbwalleyeseries@gmail.com
    [cancel_return] => http://www.greenbaywalleyeseries.com/online-registration.html
    [return] => http://www.greenbaywalleyeseries.com
    [cmd] => _cart
    [currency_code] => USD
    [cn] => 
    [no_note] => 0
    [upload] => 1
    [custom] => 2020_2
    [team_id] => 2020_2
    [GB-Partner1] => 2020-3
    [GB-Partner2] => 2020-4
    [DY-Partner1] => 2020-3
    [DY-Partner2] => 2020-4
    [SB-Partner1] => 2020-3
    [SB-Partner2] => 2020-4
    [MAR-Partner1] => 2020-3
    [MAR-Partner2] => 2020-4
    [coupon] => 
    [item_number_1] => Registration-(X2)
    [item_name_1] => 2020 GBWS Registration
    [amount_1] => 80
    [on0_2] => partner1
    [os0_2] => 2020-3
    [on1_2] => partner2
    [os1_2] => 2020-4
    [item_number_2] => GB-Tourney
    [item_name_2] => April 12 - Green Bay Metro Registration
    [amount_2] => 410
    [on0_3] => partner1
    [os0_3] => 2020-3
    [on1_3] => partner2
    [os1_3] => 2020-4
    [item_number_3] => DY-Tourney
    [item_name_3] => May 17 - Dyckesville Registration
    [amount_3] => 410
    [on0_4] => partner1
    [os0_4] => 2020-3
    [on1_4] => partner2
    [os1_4] => 2020-4
    [item_number_4] => SB-Tourney
    [item_name_4] => August 02 - Sturgeon Bay Registration
    [amount_4] => 410
    [item_number_5] => SB-Fish
    [item_name_5] => August 02 - Sturgeon Bay Big Fish
    [amount_5] => 20
    [item_number_6] => GB-Fish
    [item_name_6] => April 12 - Green Bay Metro Big Fish
    [amount_6] => 20
    [cart_items] => 6
)
