Array
(
    [mc_gross] => 1040
    [protection_eligibility] => Eligible
    [address_status] => confirmed
    [item_number1] => GB-Tourney
    [item_number2] => GB-Option
    [payer_id] => VBXS4AT9H3XTJ
    [item_number3] => GB-Fish
    [address_street] => 1 Main St
    [item_number4] => DY-Tourney
    [payment_date] => 7:04:39 PM Nov 22, 2019 PST
    [payment_status] => Completed
    [charset] => windows-1252
    [address_zip] => 95131
    [first_name] => test
    [mc_fee] => 30.46
    [address_country_code] => US
    [address_name] => test buyer
    [notify_version] => 3.9
    [custom] => 2019-36
    [payer_status] => verified
    [business] => gbwalleyeseries-facilitator@gmail.com
    [address_country] => United States
    [num_cart_items] => 4
    [address_city] => San Jose
    [verify_sign] => AuL-7625b63OzjTS.u4AAu6LAwbUA.LyH-judULv.BvXM23mjHPpWsZH
    [payer_email] => gbwalleyeseries-buyer@gmail.com
    [txn_id] => 1X959101F14864145
    [payment_type] => instant
    [last_name] => buyer
    [address_state] => CA
    [item_name1] => 4/12/2020 Green Bay Metro Registration
    [receiver_email] => gbwalleyeseries-facilitator@gmail.com
    [item_name2] => 4/12/2020 Green Bay Metro Option Pot
    [payment_fee] => 30.46
    [item_name3] => 4/12/2020 Green Bay Metro Big Fish
    [item_name4] => 5/17/2020 Dyckesville Registration
    [shipping_discount] => 0
    [quantity1] => 1
    [insurance_amount] => 0
    [quantity2] => 1
    [receiver_id] => P4X24FAP69NXC
    [quantity3] => 1
    [txn_type] => cart
    [quantity4] => 1
    [discount] => 0
    [mc_gross_1] => 410
    [mc_currency] => USD
    [mc_gross_2] => 200
    [mc_gross_3] => 20
    [residence_country] => US
    [test_ipn] => 1
    [mc_gross_4] => 410
    [shipping_method] => Default
    [transaction_subject] => 
    [payment_gross] => 1040
    [ipn_track_id] => 1055187fbc504
)
