Array
(
    [first_name] => test
    [discount] => 0.00
    [mc_currency] => USD
    [payer_status] => verified
    [shipping_discount] => 0.00
    [payment_fee] => 40.32
    [address_status] => confirmed
    [payment_gross] => 1380.00
    [address_zip] => 95131
    [txn_type] => cart
    [num_cart_items] => 6
    [address_country_code] => US
    [verify_sign] => AaHEuBrkW8NVkk8CtsU9.JXTY.LzAg7vGtb9dc3dIvwCGogZhcg2E4q5
    [payer_id] => VBXS4AT9H3XTJ
    [option_selection2_1] => 2020-4
    [option_selection2_2] => 2020-2
    [charset] => windows-1252
    [receiver_id] => P4X24FAP69NXC
    [item_name1] => August 02 - Sturgeon Bay Registration
    [item_name2] => August 29 - 30 - Marinette Registration
    [item_name3] => August 29 - 30 - Marinette Option Pot
    [item_name4] => August 29 - 30 - Marinette Big Fish
    [payment_type] => instant
    [item_name5] => August 02 - Sturgeon Bay Big Fish
    [item_name6] => August 02 - Sturgeon Bay Option Pot
    [address_street] => 1 Main St
    [txn_id] => 7FD777823G219630C
    [mc_gross_1] => 410.00
    [quantity1] => 1
    [mc_gross_2] => 510.00
    [quantity2] => 1
    [item_number1] => SB-Tourney
    [protection_eligibility] => Eligible
    [mc_gross_3] => 200.00
    [quantity3] => 1
    [item_number2] => MAR-Tourney
    [mc_gross_4] => 40.00
    [quantity4] => 1
    [item_number3] => MAR-Option
    [mc_gross_5] => 20.00
    [quantity5] => 1
    [custom] => 2020_1
    [item_number4] => MAR-Fish
    [mc_gross_6] => 200.00
    [quantity6] => 1
    [option_selection1_1] => 2020-1
    [item_number5] => SB-Fish
    [option_selection1_2] => 2020-1
    [item_number6] => SB-Option
    [business] => gbwalleyeseries-facilitator@gmail.com
    [residence_country] => US
    [last_name] => buyer
    [address_state] => CA
    [payer_email] => gbwalleyeseries-buyer@gmail.com
    [option_name2_1] => partner2
    [option_name2_2] => partner2
    [address_city] => San Jose
    [payment_status] => Completed
    [payment_date] => 13:41:40 Feb 15, 2020 PST
    [transaction_subject] => 
    [receiver_email] => gbwalleyeseries-facilitator@gmail.com
    [mc_fee] => 40.32
    [notify_version] => 3.9
    [shipping_method] => Default
    [address_country] => United States
    [mc_gross] => 1380.00
    [test_ipn] => 1
    [insurance_amount] => 0.00
    [address_name] => test buyer
    [option_name1_1] => partner1
    [option_name1_2] => partner1
    [ipn_track_id] => 3e03569023514
)
